<?xml version="1.0" encoding="UTF-8"?>
<testng-results total="1" passed="0" failed="1" skipped="0">
  <reporter-output>
  </reporter-output>
  <suite started-at="2022-11-09T05:08:37Z" name="Default suite" finished-at="2022-11-09T05:08:46Z" duration-ms="8459">
    <groups>
    </groups>
    <test started-at="2022-11-09T05:08:37Z" name="Default test" finished-at="2022-11-09T05:08:46Z" duration-ms="8459">
      <class name="hrmsprograms.TC02">
        <test-method signature="tc001()[pri:0, instance:hrmsprograms.TC02@75437611]" started-at="2022-11-09T10:38:37Z" name="tc001" finished-at="2022-11-09T10:38:46Z" duration-ms="8440" status="FAIL">
          <exception class="org.openqa.selenium.NoSuchWindowException">
            <message>
              <![CDATA[no such window: target window already closed
from unknown error: web view not found
  (Session info: chrome=107.0.5304.88)
Build info: version: '4.5.0', revision: 'fe167b119a'
System info: os.name: 'Windows 11', os.arch: 'amd64', os.version: '10.0', java.version: '18.0.2.1'
Driver info: org.openqa.selenium.chrome.ChromeDriver
Command: [d2060170ee2c513c89226ebdf6bf0168, findElement {using=name, value=txtEmpFirstName}]
Capabilities {acceptInsecureCerts: false, browserName: chrome, browserVersion: 107.0.5304.88, chrome: {chromedriverVersion: 106.0.5249.61 (511755355844..., userDataDir: C:\Users\bhask\AppData\Loca...}, goog:chromeOptions: {debuggerAddress: localhost:51461}, networkConnectionEnabled: false, pageLoadStrategy: normal, platformName: WINDOWS, proxy: Proxy(), se:cdp: ws://localhost:51461/devtoo..., se:cdpVersion: 107.0.5304.88, setWindowRect: true, strictFileInteractability: false, timeouts: {implicit: 0, pageLoad: 300000, script: 30000}, unhandledPromptBehavior: dismiss and notify, webauthn:extension:credBlob: true, webauthn:extension:largeBlob: true, webauthn:virtualAuthenticators: true}
Session ID: d2060170ee2c513c89226ebdf6bf0168]]>
            </message>
            <full-stacktrace>
              <![CDATA[org.openqa.selenium.NoSuchWindowException: no such window: target window already closed
from unknown error: web view not found
  (Session info: chrome=107.0.5304.88)
Build info: version: '4.5.0', revision: 'fe167b119a'
System info: os.name: 'Windows 11', os.arch: 'amd64', os.version: '10.0', java.version: '18.0.2.1'
Driver info: org.openqa.selenium.chrome.ChromeDriver
Command: [d2060170ee2c513c89226ebdf6bf0168, findElement {using=name, value=txtEmpFirstName}]
Capabilities {acceptInsecureCerts: false, browserName: chrome, browserVersion: 107.0.5304.88, chrome: {chromedriverVersion: 106.0.5249.61 (511755355844..., userDataDir: C:\Users\bhask\AppData\Loca...}, goog:chromeOptions: {debuggerAddress: localhost:51461}, networkConnectionEnabled: false, pageLoadStrategy: normal, platformName: WINDOWS, proxy: Proxy(), se:cdp: ws://localhost:51461/devtoo..., se:cdpVersion: 107.0.5304.88, setWindowRect: true, strictFileInteractability: false, timeouts: {implicit: 0, pageLoad: 300000, script: 30000}, unhandledPromptBehavior: dismiss and notify, webauthn:extension:credBlob: true, webauthn:extension:largeBlob: true, webauthn:virtualAuthenticators: true}
Session ID: d2060170ee2c513c89226ebdf6bf0168
	at java.base/jdk.internal.reflect.DirectConstructorHandleAccessor.newInstance(DirectConstructorHandleAccessor.java:67)
	at java.base/java.lang.reflect.Constructor.newInstanceWithCaller(Constructor.java:499)
	at java.base/java.lang.reflect.Constructor.newInstance(Constructor.java:483)
	at org.openqa.selenium.remote.codec.w3c.W3CHttpResponseCodec.createException(W3CHttpResponseCodec.java:200)
	at org.openqa.selenium.remote.codec.w3c.W3CHttpResponseCodec.decode(W3CHttpResponseCodec.java:133)
	at org.openqa.selenium.remote.codec.w3c.W3CHttpResponseCodec.decode(W3CHttpResponseCodec.java:53)
	at org.openqa.selenium.remote.HttpCommandExecutor.execute(HttpCommandExecutor.java:184)
	at org.openqa.selenium.remote.service.DriverCommandExecutor.invokeExecute(DriverCommandExecutor.java:167)
	at org.openqa.selenium.remote.service.DriverCommandExecutor.execute(DriverCommandExecutor.java:142)
	at org.openqa.selenium.remote.RemoteWebDriver.execute(RemoteWebDriver.java:547)
	at org.openqa.selenium.remote.ElementLocation$ElementFinder$2.findElement(ElementLocation.java:162)
	at org.openqa.selenium.remote.ElementLocation.findElement(ElementLocation.java:60)
	at org.openqa.selenium.remote.RemoteWebDriver.findElement(RemoteWebDriver.java:365)
	at org.openqa.selenium.remote.RemoteWebDriver.findElement(RemoteWebDriver.java:357)
	at frameworkdata.Logicsofhrms.adddetails(Logicsofhrms.java:47)
	at hrmsprograms.TC02.tc001(TC02.java:15)
	at java.base/jdk.internal.reflect.DirectMethodHandleAccessor.invoke(DirectMethodHandleAccessor.java:104)
	at java.base/java.lang.reflect.Method.invoke(Method.java:577)
	at org.testng.internal.MethodInvocationHelper.invokeMethod(MethodInvocationHelper.java:80)
	at org.testng.internal.Invoker.invokeMethod(Invoker.java:714)
	at org.testng.internal.Invoker.invokeTestMethod(Invoker.java:901)
	at org.testng.internal.Invoker.invokeTestMethods(Invoker.java:1231)
	at org.testng.internal.TestMethodWorker.invokeTestMethods(TestMethodWorker.java:127)
	at org.testng.internal.TestMethodWorker.run(TestMethodWorker.java:111)
	at org.testng.TestRunner.privateRun(TestRunner.java:767)
	at org.testng.TestRunner.run(TestRunner.java:617)
	at org.testng.SuiteRunner.runTest(SuiteRunner.java:334)
	at org.testng.SuiteRunner.runSequentially(SuiteRunner.java:329)
	at org.testng.SuiteRunner.privateRun(SuiteRunner.java:291)
	at org.testng.SuiteRunner.run(SuiteRunner.java:240)
	at org.testng.SuiteRunnerWorker.runSuite(SuiteRunnerWorker.java:52)
	at org.testng.SuiteRunnerWorker.run(SuiteRunnerWorker.java:86)
	at org.testng.TestNG.runSuitesSequentially(TestNG.java:1198)
	at org.testng.TestNG.runSuitesLocally(TestNG.java:1123)
	at org.testng.TestNG.run(TestNG.java:1031)
	at org.testng.remote.AbstractRemoteTestNG.run(AbstractRemoteTestNG.java:115)
	at org.testng.remote.RemoteTestNG.initAndRun(RemoteTestNG.java:251)
	at org.testng.remote.RemoteTestNG.main(RemoteTestNG.java:77)
]]>
            </full-stacktrace>
          </exception> <!-- org.openqa.selenium.NoSuchWindowException -->
          <reporter-output>
          </reporter-output>
        </test-method> <!-- tc001 -->
      </class> <!-- hrmsprograms.TC02 -->
    </test> <!-- Default test -->
  </suite> <!-- Default suite -->
</testng-results>
